  Blur.cpp
c:\users\max\source\repos\lw8\lw8\blur.cpp(14): warning C4018: <: несоответствие типов со знаком и без знака
  Pool.cpp
c:\users\max\source\repos\lw8\lw8\pool.cpp(11): warning C4018: <: несоответствие типов со знаком и без знака
c:\users\max\source\repos\lw8\lw8\pool.cpp(19): warning C4018: <: несоответствие типов со знаком и без знака
  Worker.cpp
  main.cpp
c:\users\max\source\repos\lw8\lw8\main.cpp(289): warning C4018: <: несоответствие типов со знаком и без знака
c:\users\max\source\repos\lw8\lw8\main.cpp(383): warning C4018: <: несоответствие типов со знаком и без знака
c:\users\max\source\repos\lw8\lw8\main.cpp(412): warning C4018: <: несоответствие типов со знаком и без знака
c:\users\max\source\repos\lw8\lw8\main.cpp(415): warning C4018: <: несоответствие типов со знаком и без знака
c:\users\max\source\repos\lw8\lw8\main.cpp(427): warning C4018: <: несоответствие типов со знаком и без знака
c:\users\max\source\repos\lw8\lw8\main.cpp(430): warning C4018: <: несоответствие типов со знаком и без знака
c:\users\max\source\repos\lw8\lw8\main.cpp(440): warning C4018: <: несоответствие типов со знаком и без знака
  Создание кода
  17 of 1060 functions ( 1.6%) were compiled, the rest were copied from previous compilation.
    0 functions were new in current compilation
    2 functions had inline decision re-evaluated but remain unchanged
  Создание кода завершено
  lw8.vcxproj -> C:\Users\Max\source\repos\lw8\Release\lw8.exe
